TN:
SF:src/App.js
FN:4,App
FNF:1
FNH:0
FNDA:0,App
DA:5,0
LF:1
LH:0
BRF:0
BRH:0
end_of_record
TN:
SF:src/components/RSVPForm.js
FN:3,RSVPForm
FN:8,(anonymous_1)
FN:24,(anonymous_2)
FN:35,(anonymous_3)
FN:45,(anonymous_4)
FNF:5
FNH:4
FNDA:5,RSVPForm
FNDA:0,(anonymous_1)
FNDA:1,(anonymous_2)
FNDA:1,(anonymous_3)
FNDA:1,(anonymous_4)
DA:4,5
DA:5,5
DA:6,5
DA:8,5
DA:9,0
DA:10,0
DA:14,5
DA:24,1
DA:35,1
DA:45,1
LF:10
LH:8
BRF:0
BRH:0
end_of_record
TN:
SF:src/pages/HomePage.js
FN:4,HomePage
FNF:1
FNH:1
FNDA:2,HomePage
DA:5,2
LF:1
LH:1
BRF:0
BRH:0
end_of_record
